<?xml version="1.0" encoding="UTF-8"?>
<!-- Generated by org.testng.reporters.JUnitXMLReporter -->
<testsuite ignored="4" hostname="Legion5Pro" failures="1" tests="1" name="MyTest-1" time="67.351" errors="0" timestamp="2024-07-19T22:52:42 EDT">
  <testcase classname="com.browserstack.BStackDemoTest" name="loginTestWithPom" time="50.171">
    <failure type="java.lang.ClassCastException" message="class com.google.common.collect.Maps$TransformedEntriesMap cannot be cast to class org.openqa.selenium.WebElement (com.google.common.collect.Maps$TransformedEntriesMap and org.openqa.selenium.WebElement are in unnamed module of loader &amp;apos;app&amp;apos;)">
      <![CDATA[java.lang.ClassCastException: class com.google.common.collect.Maps$TransformedEntriesMap cannot be cast to class org.openqa.selenium.WebElement (com.google.common.collect.Maps$TransformedEntriesMap and org.openqa.selenium.WebElement are in unnamed module of loader 'app')
at org.openqa.selenium.remote.ElementLocation$ElementFinder$2.findElement(ElementLocation.java:163)
at org.openqa.selenium.remote.ElementLocation.findElement(ElementLocation.java:60)
at org.openqa.selenium.remote.RemoteWebDriver.findElement(RemoteWebDriver.java:385)
at org.openqa.selenium.remote.RemoteWebDriver.findElement(RemoteWebDriver.java:377)
at amarr.core.ElementFetcher.getWebElement(ElementFetcher.java:31)
at amarr.pages.events.HomePageEvents.clickOnLogin(HomePageEvents.java:37)
at com.browserstack.BStackDemoTest.loginTestWithPom(BStackDemoTest.java:58)
at java.base/java.util.ArrayList.forEach(ArrayList.java:1596)
at java.base/java.util.concurrent.FutureTask.run(FutureTask.java:317)
at java.base/java.util.concurrent.ThreadPoolExecutor.runWorker(ThreadPoolExecutor.java:1144)
at java.base/java.util.concurrent.ThreadPoolExecutor$Worker.run(ThreadPoolExecutor.java:642)
at java.base/java.lang.Thread.run(Thread.java:1583)
... Removed 16 stack frames]]>
    </failure>
  </testcase> <!-- loginTestWithPom -->
  <testcase classname="com.browserstack.BStackDemoTest" name="checkoutAnItem" time="0.0">
    <ignored/>
  </testcase> <!-- checkoutAnItem -->
  <testcase classname="com.browserstack.BStackDemoTest" name="accountCreation" time="0.0">
    <ignored/>
  </testcase> <!-- accountCreation -->
  <testcase classname="com.browserstack.BStackDemoTest" name="loginWithValidCredential" time="0.0">
    <ignored/>
  </testcase> <!-- loginWithValidCredential -->
  <testcase classname="com.browserstack.BStackDemoTest" name="loginWithInvalidCredentials" time="0.0">
    <ignored/>
  </testcase> <!-- loginWithInvalidCredentials -->
</testsuite> <!-- MyTest-1 -->
